[2024-12-10 12:20:06] [32minfo[39m: GET /courses
[2024-12-10 12:20:06] [31merror[39m: Error: createError is not defined
[2024-12-10 12:20:10] [32minfo[39m: POST /logout
[2024-12-10 12:20:16] [32minfo[39m: POST /logout
[2024-12-10 12:20:16] [32minfo[39m: POST /logout
[2024-12-10 12:20:16] [32minfo[39m: POST /logout
[2024-12-10 12:20:16] [32minfo[39m: POST /logout
[2024-12-10 12:20:16] [32minfo[39m: POST /logout
[2024-12-10 12:20:29] [32minfo[39m: POST /logout
[2024-12-10 12:20:32] [32minfo[39m: GET /courses
[2024-12-10 12:20:32] [31merror[39m: Error: createError is not defined
[2024-12-10 12:20:37] [32minfo[39m: POST /logout
[2024-12-10 12:21:15] [32minfo[39m: OPTIONS /login
[2024-12-10 12:21:46] [32minfo[39m: POST /logout
[2024-12-10 12:23:39] [32minfo[39m: POST /logout
[2024-12-10 12:23:52] [32minfo[39m: POST /logout
[2024-12-10 12:25:08] [32minfo[39m: POST /logout
[2024-12-10 12:25:17] [32minfo[39m: POST /login
[2024-12-10 12:25:17] [31merror[39m: Error: createError is not defined
[2024-12-10 12:26:33] [32minfo[39m: POST /login
[2024-12-10 12:26:47] [32minfo[39m: POST /login
[2024-12-10 12:27:31] [32minfo[39m: POST /login
[2024-12-10 12:27:46] [32minfo[39m: POST /login
[2024-12-10 12:35:58] [32minfo[39m: POST /login
[2024-12-10 12:36:49] [32minfo[39m: POST /login
[2024-12-10 12:36:52] [32minfo[39m: POST /login
[2024-12-10 12:42:48] [32minfo[39m: POST /login
[2024-12-10 12:44:06] [32minfo[39m: POST /login
[2024-12-10 12:45:46] [32minfo[39m: POST /login
[2024-12-10 12:46:17] [32minfo[39m: POST /login
[2024-12-10 12:47:06] [32minfo[39m: POST /login
[2024-12-10 13:00:43] [32minfo[39m: POST /signup
[2024-12-10 13:01:06] [32minfo[39m: POST /signup
[2024-12-10 13:02:19] [32minfo[39m: POST /signup
[2024-12-10 13:06:11] [32minfo[39m: POST /signup
[2024-12-10 13:06:41] [32minfo[39m: POST /signup
[2024-12-10 13:07:03] [32minfo[39m: POST /signup
[2024-12-10 13:07:17] [32minfo[39m: POST /signup
[2024-12-10 13:07:26] [32minfo[39m: POST /signup
[2024-12-10 13:07:59] [32minfo[39m: POST /signup
[2024-12-10 13:08:17] [32minfo[39m: POST /login
[2024-12-10 13:08:23] [32minfo[39m: POST /signup
[2024-12-10 13:08:27] [32minfo[39m: POST /login
[2024-12-10 13:11:29] [32minfo[39m: POST /login
[2024-12-10 13:11:35] [32minfo[39m: POST /signup
[2024-12-10 13:11:39] [32minfo[39m: POST /login
[2024-12-10 13:13:59] [32minfo[39m: POST /login
[2024-12-10 13:14:19] [32minfo[39m: POST /logout
[2024-12-10 13:14:25] [32minfo[39m: POST /login
[2024-12-10 13:14:33] [32minfo[39m: POST /logout
[2024-12-10 13:14:38] [32minfo[39m: POST /login
[2024-12-10 13:14:41] [32minfo[39m: GET /users
[2024-12-10 13:14:41] [32minfo[39m: GET /users
[2024-12-10 13:16:07] [32minfo[39m: GET /user
[2024-12-10 13:18:21] [32minfo[39m: GET /user
[2024-12-10 13:18:35] [32minfo[39m: GET /user
[2024-12-10 13:19:02] [32minfo[39m: GET /user
[2024-12-10 13:19:31] [32minfo[39m: GET /user
[2024-12-10 13:19:43] [32minfo[39m: GET /user
[2024-12-10 13:20:43] [32minfo[39m: GET /user
[2024-12-10 13:23:58] [32minfo[39m: GET /user
[2024-12-10 13:29:31] [32minfo[39m: GET /user
[2024-12-10 13:30:17] [32minfo[39m: GET /user
[2024-12-10 13:30:29] [32minfo[39m: GET /user
[2024-12-10 13:30:49] [32minfo[39m: GET /user
[2024-12-10 13:30:53] [32minfo[39m: GET /user
[2024-12-10 13:34:57] [32minfo[39m: GET /user
[2024-12-10 13:35:07] [32minfo[39m: POST /logout
[2024-12-10 13:35:13] [32minfo[39m: POST /login
[2024-12-10 13:35:16] [32minfo[39m: GET /user
[2024-12-10 13:35:16] [32minfo[39m: GET /user
[2024-12-10 13:35:44] [32minfo[39m: GET /user
[2024-12-10 13:36:04] [32minfo[39m: GET /user
[2024-12-10 13:36:08] [32minfo[39m: GET /user
[2024-12-10 13:36:14] [32minfo[39m: POST /logout
[2024-12-10 13:36:21] [32minfo[39m: POST /login
[2024-12-10 13:36:40] [32minfo[39m: POST /logout
[2024-12-10 13:36:44] [32minfo[39m: POST /login
[2024-12-10 13:36:51] [32minfo[39m: GET /user
[2024-12-10 13:36:51] [32minfo[39m: GET /user
[2024-12-10 13:37:25] [32minfo[39m: GET /user
[2024-12-10 13:37:25] [31merror[39m: Error: Cannot read properties of undefined (reading 'name')
[2024-12-10 13:37:30] [32minfo[39m: POST /logout
[2024-12-10 13:37:36] [32minfo[39m: POST /login
[2024-12-10 13:37:39] [32minfo[39m: GET /user
[2024-12-10 13:37:39] [31merror[39m: Error: Cannot read properties of undefined (reading 'name')
[2024-12-10 13:37:39] [32minfo[39m: GET /user
[2024-12-10 13:37:39] [31merror[39m: Error: Cannot read properties of undefined (reading 'name')
[2024-12-10 13:38:07] [32minfo[39m: GET /user
[2024-12-10 13:38:13] [32minfo[39m: POST /logout
[2024-12-10 13:38:18] [32minfo[39m: POST /login
[2024-12-10 13:38:20] [32minfo[39m: GET /user
[2024-12-10 13:38:20] [32minfo[39m: GET /user
[2024-12-10 13:39:30] [32minfo[39m: GET /user
[2024-12-10 13:39:35] [32minfo[39m: POST /logout
[2024-12-10 13:39:41] [32minfo[39m: POST /login
[2024-12-10 13:39:44] [32minfo[39m: POST /login
[2024-12-10 13:39:49] [32minfo[39m: POST /login
[2024-12-10 13:41:22] [32minfo[39m: POST /login
[2024-12-10 13:41:28] [32minfo[39m: POST /login
[2024-12-10 13:41:46] [32minfo[39m: POST /login
[2024-12-10 13:42:04] [32minfo[39m: POST /login
[2024-12-10 13:42:09] [32minfo[39m: POST /login
[2024-12-10 13:42:26] [32minfo[39m: POST /login
[2024-12-10 13:42:45] [32minfo[39m: POST /login
[2024-12-10 13:43:07] [32minfo[39m: POST /login
[2024-12-10 13:43:10] [32minfo[39m: GET /user
[2024-12-10 13:43:10] [32minfo[39m: GET /user
[2024-12-10 13:43:14] [32minfo[39m: DELETE /user/13
[2024-12-10 13:43:14] [32minfo[39m: DELETE /user/13
[2024-12-10 13:43:14] [32minfo[39m: GET /user
[2024-12-10 13:43:14] [32minfo[39m: DELETE /user/14
[2024-12-10 13:43:14] [32minfo[39m: DELETE /user/14
[2024-12-10 13:43:14] [32minfo[39m: GET /user
[2024-12-10 13:43:14] [32minfo[39m: DELETE /user/15
[2024-12-10 13:43:15] [32minfo[39m: DELETE /user/15
[2024-12-10 13:43:15] [32minfo[39m: GET /user
[2024-12-10 13:43:19] [32minfo[39m: GET /user
[2024-12-10 13:43:21] [32minfo[39m: DELETE /user/2
[2024-12-10 13:43:21] [32minfo[39m: GET /user
[2024-12-10 13:43:25] [32minfo[39m: GET /user
[2024-12-10 13:43:31] [32minfo[39m: DELETE /user/2
[2024-12-10 13:43:31] [32minfo[39m: GET /user
[2024-12-10 13:43:32] [32minfo[39m: DELETE /user/2
[2024-12-10 13:43:32] [32minfo[39m: GET /user
[2024-12-10 13:43:32] [32minfo[39m: DELETE /user/2
[2024-12-10 13:43:32] [32minfo[39m: GET /user
[2024-12-10 13:45:17] [32minfo[39m: POST /logout
[2024-12-10 13:45:21] [32minfo[39m: GET /user
[2024-12-10 13:45:34] [32minfo[39m: POST /signup
[2024-12-10 13:45:40] [32minfo[39m: POST /signup
[2024-12-10 13:45:46] [32minfo[39m: POST /signup
[2024-12-10 13:45:51] [32minfo[39m: POST /signup
[2024-12-10 13:45:55] [32minfo[39m: POST /signup
[2024-12-10 13:46:04] [32minfo[39m: POST /login
[2024-12-10 13:46:07] [32minfo[39m: GET /user
[2024-12-10 13:46:07] [32minfo[39m: GET /user
[2024-12-10 13:46:09] [32minfo[39m: DELETE /user/20
[2024-12-10 13:46:13] [32minfo[39m: DELETE /user/20
[2024-12-10 13:46:13] [32minfo[39m: GET /user
[2024-12-10 13:47:22] [32minfo[39m: DELETE /user/19
[2024-12-10 13:47:24] [32minfo[39m: GET /user
[2024-12-10 13:47:25] [32minfo[39m: DELETE /user/18
[2024-12-10 13:47:26] [32minfo[39m: GET /user
[2024-12-10 13:47:28] [32minfo[39m: DELETE /user/17
[2024-12-10 13:47:29] [32minfo[39m: GET /user
[undefined] [32minfo[39m: GET /user
[32minfo[39m: GET /user
[32minfo[39m: DELETE /user/16
[32minfo[39m: DELETE /user/16
[32minfo[39m: GET /user
[32minfo[39m: GET /user
[32minfo[39m: POST /logout
[32minfo[39m: POST /signup
[32minfo[39m: POST /signup
[32minfo[39m: POST /signup
[32minfo[39m: POST /login
[32minfo[39m: GET /user
[32minfo[39m: GET /user
[32minfo[39m: DELETE /user/23
[32minfo[39m: GET /user
[32minfo[39m: DELETE /user/22
[32minfo[39m: GET /user
[32minfo[39m: DELETE /user/21
[32minfo[39m: GET /user
[32minfo[39m: POST /logout
[32minfo[39m: POST /signup
[32minfo[39m: POST /signup
[32minfo[39m: POST /signup
[32minfo[39m: POST /signup
[32minfo[39m: POST /signup
[32minfo[39m: POST /login
[32minfo[39m: GET /user
[32minfo[39m: GET /user
[32minfo[39m: DELETE /user/28
[32minfo[39m: DELETE /user/28
[32minfo[39m: GET /user
[32minfo[39m: DELETE /user/27
[32minfo[39m: DELETE /user/27
[32minfo[39m: GET /user
[32minfo[39m: DELETE /user/26
[32minfo[39m: GET /user
[32minfo[39m: DELETE /user/25
[32minfo[39m: DELETE /user/25
[32minfo[39m: GET /user
[32minfo[39m: DELETE /user/24
[32minfo[39m: GET /user
[32minfo[39m: GET /user
[32minfo[39m: POST /logout
[32minfo[39m: GET /user
[32minfo[39m: POST /signup
[32minfo[39m: POST /signup
[32minfo[39m: POST /login
[32minfo[39m: GET /user
[32minfo[39m: GET /user
[32minfo[39m: DELETE /user/30
[32minfo[39m: GET /user
[32minfo[39m: DELETE /user/29
[32minfo[39m: GET /user
[32minfo[39m: GET /user
[32minfo[39m: GET /courses
[32minfo[39m: GET /courses
[32minfo[39m: GET /course
[32minfo[39m: GET /course/3
[32minfo[39m: GET /review/3
[32minfo[39m: GET /review/3
[32minfo[39m: GET /course/3
[32minfo[39m: GET /review/3
[32minfo[39m: GET /course/3
[32minfo[39m: GET /review/3
[32minfo[39m: GET /course/3
[32minfo[39m: GET /review/3
[32minfo[39m: GET /course/3
[32minfo[39m: GET /review/3
[32minfo[39m: GET /course/3
[32minfo[39m: GET /course
[32minfo[39m: GET /course
[32minfo[39m: GET /course/8
[32minfo[39m: GET /review/8
[32minfo[39m: GET /course/8
[32minfo[39m: GET /review/8
[32minfo[39m: GET /course
[32minfo[39m: GET /course
[32minfo[39m: GET /course/3
[32minfo[39m: GET /review/3
[32minfo[39m: GET /course/3
[32minfo[39m: GET /review/3
[32minfo[39m: GET /course/3
[32minfo[39m: GET /review/3
[32minfo[39m: GET /course/3
[32minfo[39m: GET /review/3
[32minfo[39m: GET /course/3
[32minfo[39m: GET /review/3
[32minfo[39m: POST /logout
[32minfo[39m: POST /login
[32minfo[39m: POST /logout
[32minfo[39m: POST /login
[32minfo[39m: POST /logout
[32minfo[39m: POST /login
[32minfo[39m: POST /logout
[32minfo[39m: POST /login
[32minfo[39m: POST /logout
[32minfo[39m: POST /login
[32minfo[39m: POST /logout
[32minfo[39m: POST /login
[32minfo[39m: POST /logout
[32minfo[39m: POST /login
[32minfo[39m: GET /course
[32minfo[39m: GET /course
[32minfo[39m: GET /course/7
[32minfo[39m: GET /review/7
[32minfo[39m: GET /review/7
[32minfo[39m: GET /course/7
[32minfo[39m: POST /review
[32minfo[39m: POST /review
[32minfo[39m: POST /review
[32minfo[39m: GET /course/7
[32minfo[39m: GET /review/7
[32minfo[39m: POST /review
[32minfo[39m: GET /course/7
[32minfo[39m: GET /review/7
[32minfo[39m: POST /review
[32minfo[39m: POST /review
[32minfo[39m: POST /review
[32minfo[39m: POST /review
[32minfo[39m: POST /review
[32minfo[39m: POST /review
[32minfo[39m: GET /course/7
[32minfo[39m: GET /review/7
[32minfo[39m: GET /review/7
[32minfo[39m: GET /course/7
[32minfo[39m: POST /review
[32minfo[39m: POST /review
[32minfo[39m: POST /review
[32minfo[39m: POST /review
[32minfo[39m: POST /review
[32minfo[39m: POST /review
[32minfo[39m: POST /review
[32minfo[39m: POST /review
[32minfo[39m: POST /review
[32minfo[39m: POST /review
[32minfo[39m: POST /review
[32minfo[39m: POST /review
[32minfo[39m: POST /review
[32minfo[39m: POST /review
[32minfo[39m: POST /review
[32minfo[39m: POST /review
[32minfo[39m: POST /logout
[32minfo[39m: POST /login
[32minfo[39m: GET /course
[32minfo[39m: GET /course
[32minfo[39m: GET /course/4
[32minfo[39m: GET /review/4
[32minfo[39m: GET /course/4
[32minfo[39m: GET /review/4
[32minfo[39m: POST /review
[32minfo[39m: POST /review
[32minfo[39m: POST /review
[32minfo[39m: POST /review
[32minfo[39m: POST /review
[32minfo[39m: POST /review
[32minfo[39m: POST /review
[32minfo[39m: POST /review
[32minfo[39m: POST /review
[32minfo[39m: POST /review
[32minfo[39m: POST /review
[32minfo[39m: POST /review
[32minfo[39m: POST /logout
[32minfo[39m: POST /login
[32minfo[39m: GET /course
[32minfo[39m: GET /course
[32minfo[39m: GET /course/8
[32minfo[39m: GET /review/8
[32minfo[39m: GET /course/8
[32minfo[39m: GET /review/8
[32minfo[39m: GET /course
[32minfo[39m: GET /course
[32minfo[39m: GET /course/4
[32minfo[39m: GET /review/4
[32minfo[39m: GET /course/4
[32minfo[39m: GET /review/4
[32minfo[39m: POST /review
[32minfo[39m: POST /review
[32minfo[39m: POST /review
[32minfo[39m: POST /review
[32minfo[39m: POST /review
[32minfo[39m: POST /review
[32minfo[39m: POST /review
[32minfo[39m: POST /review
[32minfo[39m: POST /review
[32minfo[39m: POST /review
[32minfo[39m: POST /review
[32minfo[39m: POST /review
[32minfo[39m: POST /review
[32minfo[39m: POST /review
[32minfo[39m: POST /review
[32minfo[39m: POST /review
[32minfo[39m: POST /review
[32minfo[39m: POST /review
[32minfo[39m: POST /review
[32minfo[39m: POST /review
[32minfo[39m: GET /review/4
[32minfo[39m: POST /review
[32minfo[39m: GET /review/4
[32minfo[39m: POST /review
[32minfo[39m: GET /review/4
[32minfo[39m: GET /review/4
[32minfo[39m: GET /course/4
[32minfo[39m: POST /review
[32minfo[39m: POST /logout
[32minfo[39m: POST /login
[32minfo[39m: GET /course
[32minfo[39m: GET /course
[32minfo[39m: GET /course/3
[32minfo[39m: GET /review/3
[32minfo[39m: GET /course/3
[32minfo[39m: GET /review/3
[32minfo[39m: POST /review
[32minfo[39m: POST /review
[32minfo[39m: POST /review
[32minfo[39m: POST /review
[32minfo[39m: POST /review
[32minfo[39m: POST /review
[32minfo[39m: POST /review
[32minfo[39m: POST /review
[32minfo[39m: POST /review
[32minfo[39m: POST /review
[32minfo[39m: POST /review
[32minfo[39m: POST /review
[32minfo[39m: POST /review
[32minfo[39m: POST /review
[32minfo[39m: POST /review
[32minfo[39m: POST /review
[32minfo[39m: POST /review
[32minfo[39m: POST /review
[32minfo[39m: POST /review
[32minfo[39m: POST /review
[32minfo[39m: POST /review
[32minfo[39m: POST /review
[32minfo[39m: POST /review
[32minfo[39m: POST /review
[32minfo[39m: POST /review
[32minfo[39m: POST /review
[32minfo[39m: POST /review
[32minfo[39m: POST /review
[32minfo[39m: POST /review
[32minfo[39m: POST /review
[32minfo[39m: POST /review
[32minfo[39m: POST /review
[32minfo[39m: POST /review
[32minfo[39m: POST /review
[32minfo[39m: POST /review
[32minfo[39m: GET /review/3
[32minfo[39m: POST /review
[32minfo[39m: GET /review/3
[32minfo[39m: POST /review
[32minfo[39m: POST /logout
[32minfo[39m: POST /login
[32minfo[39m: GET /course
[32minfo[39m: GET /course
[32minfo[39m: GET /course/3
[32minfo[39m: GET /review/3
[32minfo[39m: GET /course/3
[32minfo[39m: GET /review/3
[32minfo[39m: POST /review
[32minfo[39m: GET /review/3
[32minfo[39m: GET /course/3
[32minfo[39m: GET /review/3
[32minfo[39m: POST /review
[32minfo[39m: GET /review/3
[32minfo[39m: GET /user
[32minfo[39m: GET /user
[32minfo[39m: GET /user
[32minfo[39m: GET /user
[32minfo[39m: GET /user
[32minfo[39m: GET /user
[32minfo[39m: GET /user
[32minfo[39m: GET /user
[32minfo[39m: GET /user
[32minfo[39m: POST /logout
[32minfo[39m: POST /login
[32minfo[39m: GET /user
[32minfo[39m: GET /user
[32minfo[39m: POST /logout
[32minfo[39m: POST /login
[32minfo[39m: GET /course
[32minfo[39m: GET /course
[32minfo[39m: GET /course/4
[32minfo[39m: GET /review/4
[32minfo[39m: GET /course/4
[32minfo[39m: GET /review/4
